0 info it worked if it ends with ok
1 verbose cli [ 'C:\\Util\\Node.js\\node.exe',
1 verbose cli   'C:\\Users\\Diego\\AppData\\Roaming\\npm\\node_modules\\npm\\bin\\npm-cli.js',
1 verbose cli   'start' ]
2 info using npm@3.9.0
3 info using node@v6.10.1
4 verbose run-script [ 'prestart', 'start', 'poststart' ]
5 info lifecycle holywood@0.0.1~prestart: holywood@0.0.1
6 silly lifecycle holywood@0.0.1~prestart: no script for prestart, continuing
7 info lifecycle holywood@0.0.1~start: holywood@0.0.1
8 verbose lifecycle holywood@0.0.1~start: unsafe-perm in lifecycle true
9 verbose lifecycle holywood@0.0.1~start: PATH: C:\Users\Diego\AppData\Roaming\npm\node_modules\npm\bin\node-gyp-bin;C:\Mis apps\holywood\node_modules\.bin;C:\Util\Node.js;C:\Util\cmder\bin;C:\Util\cmder\vendor\conemu-maximus5\ConEmu\Scripts;C:\Util\cmder\vendor\conemu-maximus5;C:\Util\cmder\vendor\conemu-maximus5\ConEmu;C:\ProgramData\Oracle\Java\javapath;C:\Windows\system32;C:\Windows;C:\Windows\System32\Wbem;C:\Windows\System32\WindowsPowerShell\v1.0\;C:\Util\Mscgen;C:\Util\Heroku\bin;C:\Program Files (x86)\git\cmd;C:\Users\Diego\AppData\Roaming\npm;C:\Users\Diego\AppData\Local\atom\bin;C:\adb;C:\Util\LaTeX\MiKTeX 2.9\miktex\bin\;C:\WINDOWS\system32;C:\WINDOWS;C:\WINDOWS\System32\Wbem;C:\WINDOWS\System32\WindowsPowerShell\v1.0\;C:\Program Files (x86)\Skype\Phone\;C:\Util\Node.js\;C:\Util\Putty\;C:\Util\PDFTK\bin\;C:\Util\cmder\vendor\git-for-windows\usr\bin;C:\Users\Diego\AppData\Local\atom\bin;C:\Users\Diego\AppData\Local\Microsoft\WindowsApps;C:\Users\Diego\AppData\Roaming\npm;;C:\Program Files (x86)\Git\usr\bin;C:\Program Files (x86)\Git\usr\share\vim\vim74;C:\Util\cmder\
10 verbose lifecycle holywood@0.0.1~start: CWD: C:\Mis apps\holywood
11 silly lifecycle holywood@0.0.1~start: Args: [ '/d /s /c', 'node app.js' ]
12 silly lifecycle holywood@0.0.1~start: Returned: code: 1  signal: null
13 info lifecycle holywood@0.0.1~start: Failed to exec start script
14 verbose stack Error: holywood@0.0.1 start: `node app.js`
14 verbose stack Exit status 1
14 verbose stack     at EventEmitter.<anonymous> (C:\Users\Diego\AppData\Roaming\npm\node_modules\npm\lib\utils\lifecycle.js:245:16)
14 verbose stack     at emitTwo (events.js:106:13)
14 verbose stack     at EventEmitter.emit (events.js:191:7)
14 verbose stack     at ChildProcess.<anonymous> (C:\Users\Diego\AppData\Roaming\npm\node_modules\npm\lib\utils\spawn.js:24:14)
14 verbose stack     at emitTwo (events.js:106:13)
14 verbose stack     at ChildProcess.emit (events.js:191:7)
14 verbose stack     at maybeClose (internal/child_process.js:886:16)
14 verbose stack     at Process.ChildProcess._handle.onexit (internal/child_process.js:226:5)
15 verbose pkgid holywood@0.0.1
16 verbose cwd C:\Mis apps\holywood
17 error Windows_NT 10.0.15063
18 error argv "C:\\Util\\Node.js\\node.exe" "C:\\Users\\Diego\\AppData\\Roaming\\npm\\node_modules\\npm\\bin\\npm-cli.js" "start"
19 error node v6.10.1
20 error npm  v3.9.0
21 error code ELIFECYCLE
22 error holywood@0.0.1 start: `node app.js`
22 error Exit status 1
23 error Failed at the holywood@0.0.1 start script 'node app.js'.
23 error Make sure you have the latest version of node.js and npm installed.
23 error If you do, this is most likely a problem with the holywood package,
23 error not with npm itself.
23 error Tell the author that this fails on your system:
23 error     node app.js
23 error You can get information on how to open an issue for this project with:
23 error     npm bugs holywood
23 error Or if that isn't available, you can get their info via:
23 error     npm owner ls holywood
23 error There is likely additional logging output above.
24 verbose exit [ 1, true ]
